Terminal log file
Date: 28/01/2009 - 18:51:01
-----------------------------------------------
Radio1
t3CF 8 611100A2A2A2A2A2
t3CF 8 6900A2A2A2A2A2A2
t3CF 8 611100A2A2A2A2A2
t3CF 8 611100A2A2A2A2A2
t3CF 8 611100A2A2A2A2A2
t3CF 8 611100A2A2A2A2A2
t3CF 8 611100A2A2A2A2A2
t3CF 8 6900A2A2A2A2A2A2
t3DF 8 7A01818181818181
t3DF 8 7900818181818181
t3CF 8 611100A2A2A2A2A2
t3DF 8 7A01818181818181
t3DF 8 701A110000000001
t1C1 8 70A2A2A2A2A2A2A2
t5C1 8 7481818181818181
t0A9 8 70A2A2A2A2A2A2A2
t4A9 8 7481818181818181
t3DF 8 701A110000000001
t3DF 8 701A110000000001
t121 8 7081818181818181
t1B187081818181818181
t521874A2A2A2A2A2A2A2
t5B1874A2A2A2A2A2A2A2
t1B18045200FFFF818181
t5B1874A2A2A2A2A2A2A2
t1C1802640FA2A2A2A2A2
t5C187481818181818181
t3CF86900A2A2A2A2A2A2
t3DF87900818181818181
t3CF86900A2A2A2A2A2A2
t3DF87900818181818181
t3CF86900A2A2A2A2A2A2
t3DF87900818181818181
t3CF86900A2A2A2A2A2A2
t3DF87900818181818181
t3CF86900A2A2A2A2A2A2
t3DF87900818181818181
t3CF86900A2A2A2A2A2A2
t3DF87900818181818181
t3CF86900A2A2A2A2A2A2
t3DF87900818181818181
t3CF86900A2A2A2A2A2A2
t3DF87900818181818181
t3CF86900A2A2A2A2A2A2
t3DF87900818181818181
t3CF86900A2A2A2A2A2A2
t3DF87900818181818181
t3CF86900A2A2A2A2A2A2
t3DF87900818181818181
t3CF86900A2A2A2A2A2A2
t3DF87900818181818181 -----------------------------------------------
Date: 28/01/2009 - 18:52:14
End log file

t3CF8611100A2A2A2A2A2
t3CF86900A2A2A2A2A2A2
t3CF8611100A2A2A2A2A2
t3CF8611100A2A2A2A2A2
t3CF8611100A2A2A2A2A2
t3CF8611100A2A2A2A2A2
t3DF87A01818181818181
t3DF87900818181818181
t3CF8611100A2A2A2A2A2
t3DF87A01818181818181
t3DF8701A110000000001
t1C1870A2A2A2A2A2A2A2
t5C187481818181818181
t0A9870A2A2A2A2A2A2A2
t4A987481818181818181
t3CF86900A2A2A2A2A2A2
t3DF8701A110000000001
t3DF8701A110000000001
t12187081818181818181
t521874A2A2A2A2A2A2A2
t1B187081818181818181
t5B1874A2A2A2A2A2A2A2
t1B18045202FFFF818181
t5B1874A2A2A2A2A2A2A2
t1C1802640FA2A2A2A2A2
t5C187481818181818181
t1218101C7F5555FF6001
t5218300100A2A2A2A2A2
t121821464D2020202020
t5218300100A2A2A2A2A2
t1218222010524144494F
t5218300100A2A2A2A2A2
t12182320464D20202020
t5218300100A2A2A2A2A2
t12182400818181818181
t521874A2A2A2A2A2A2A2
t3DF87900818181818181
t3CF86900A2A2A2A2A2A2
t1218101C776555FD7101
t5218300100A2A2A2A2A2
t3DF87900818181818181
t121821526164696F2031
t5218300100A2A2A2A2A2
t12182220102052616469
t5218300100A2A2A2A2A2
t1218236F203120205031
t5218300100A2A2A2A2A2
t12182400818181818181
t521874A2A2A2A2A2A2A2
t3CF86900A2A2A2A2A2A2
t3DF87900818181818181
t3CF86900A2A2A2A2A2A2
t3DF87900818181818181
t3CF86900A2A2A2A2A2A2
t3DF87900818181818181
t3CF86900A2A2A2A2A2A2
t3DF87900818181818181
t3CF86900A2A2A2A2A2A2